<?xml version="1.0" encoding="UTF-8"?>
<testng-results ignored="0" total="1" passed="1" failed="0" skipped="0">
  <reporter-output>
  </reporter-output>
  <suite started-at="2022-09-27T10:42:34 IST" name="Default suite" finished-at="2022-09-27T10:43:20 IST" duration-ms="45931">
    <groups>
    </groups>
    <test started-at="2022-09-27T10:42:34 IST" name="Default test" finished-at="2022-09-27T10:43:20 IST" duration-ms="45931">
      <class name="TestCases.HomeTest">
        <test-method is-config="true" signature="loadConfig()[pri:0, instance:TestCases.HomeTest@54a7079e]" started-at="2022-09-27T10:42:34 IST" name="loadConfig" finished-at="2022-09-27T10:42:34 IST" duration-ms="11" status="PASS">
          <reporter-output>
          </reporter-output>
        </test-method> <!-- loadConfig -->
        <test-method is-config="true" signature="firstCall()[pri:0, instance:TestCases.HomeTest@54a7079e]" started-at="2022-09-27T10:42:34 IST" name="firstCall" finished-at="2022-09-27T10:43:17 IST" duration-ms="42477" status="PASS">
          <reporter-output>
          </reporter-output>
        </test-method> <!-- firstCall -->
        <test-method is-config="true" signature="pageObjects()[pri:0, instance:TestCases.HomeTest@54a7079e]" started-at="2022-09-27T10:43:17 IST" name="pageObjects" finished-at="2022-09-27T10:43:17 IST" duration-ms="44" status="PASS">
          <reporter-output>
          </reporter-output>
        </test-method> <!-- pageObjects -->
        <test-method signature="toClickProviderMenu()[pri:0, instance:TestCases.HomeTest@54a7079e]" started-at="2022-09-27T10:43:17 IST" name="toClickProviderMenu" finished-at="2022-09-27T10:43:20 IST" duration-ms="3106" status="PASS">
          <reporter-output>
          </reporter-output>
        </test-method> <!-- toClickProviderMenu -->
        <test-method is-config="true" signature="endbrowser()[pri:0, instance:TestCases.HomeTest@54a7079e]" started-at="2022-09-27T10:43:20 IST" name="endbrowser" finished-at="2022-09-27T10:43:20 IST" duration-ms="232" status="PASS">
          <reporter-output>
          </reporter-output>
        </test-method> <!-- endbrowser -->
      </class> <!-- TestCases.HomeTest -->
    </test> <!-- Default test -->
  </suite> <!-- Default suite -->
</testng-results>
